<?xml version="1.0" encoding="UTF-8"?>
<!-- Generated by org.testng.reporters.JUnitReportReporter -->
<testsuite hostname="SARVESH-DESKTOP" failures="0" tests="1" name="test.CalculatorTest" time="12.845" errors="0" timestamp="2024-07-17T08:58:56 IST" skipped="0">
  <testcase classname="test.CalculatorTest" name="entervalues" time="12.845"/>
</testsuite> <!-- test.CalculatorTest -->
