<?xml version="1.0" encoding="UTF-8"?>
<!-- Generated by org.testng.reporters.JUnitReportReporter -->
<testsuite hostname="SARVESH-DESKTOP" failures="0" tests="1" name="test.CalculatorTest" time="5.461" errors="0" timestamp="2024-07-17T00:03:57 IST" skipped="0">
  <testcase classname="test.CalculatorTest" name="entervalues" time="5.461"/>
</testsuite> <!-- test.CalculatorTest -->
